
-------------------------------------------------------------------------------
   ROBOCOPY     ::     Robust File Copy for Windows                              
-------------------------------------------------------------------------------

  Started : Friday, February 3, 2017 3:13:05 PM
   Source : C:\development\uCommunity\Compent.uCommunity\Compent.uCommunity\Umbraco_Client\
     Dest : C:\development\uCommunity\Compent.uCommunity\Compent.uCommunity\App_Data\NuGetBackup\20170203-151302\Umbraco_Client\

    Files : *.*
	    
  Options : *.* /S /E /DCOPY:DA /COPY:DAT /R:1000000 /W:30 

------------------------------------------------------------------------------

	                   0	C:\development\uCommunity\Compent.uCommunity\Compent.uCommunity\Umbraco_Client\
	  New Dir          0	C:\development\uCommunity\Compent.uCommunity\Compent.uCommunity\Umbraco_Client\Application\
	  New Dir          0	C:\development\uCommunity\Compent.uCommunity\Compent.uCommunity\Umbraco_Client\Application\JQuery\
	  New Dir          0	C:\development\uCommunity\Compent.uCommunity\Compent.uCommunity\Umbraco_Client\CodeArea\
	  New Dir          0	C:\development\uCommunity\Compent.uCommunity\Compent.uCommunity\Umbraco_Client\Colorpicker\
	  New Dir          0	C:\development\uCommunity\Compent.uCommunity\Compent.uCommunity\Umbraco_Client\Colorpicker\Css\
	  New Dir          0	C:\development\uCommunity\Compent.uCommunity\Compent.uCommunity\Umbraco_Client\Colorpicker\Images\
	  New Dir          0	C:\development\uCommunity\Compent.uCommunity\Compent.uCommunity\Umbraco_Client\Colorpicker\Js\
	  New Dir          0	C:\development\uCommunity\Compent.uCommunity\Compent.uCommunity\Umbraco_Client\ContextMenu\
	  New Dir          0	C:\development\uCommunity\Compent.uCommunity\Compent.uCommunity\Umbraco_Client\ContextMenu\Css\
	  New Dir          0	C:\development\uCommunity\Compent.uCommunity\Compent.uCommunity\Umbraco_Client\ContextMenu\Js\
	  New Dir          0	C:\development\uCommunity\Compent.uCommunity\Compent.uCommunity\Umbraco_Client\Datepicker\
	  New Dir          0	C:\development\uCommunity\Compent.uCommunity\Compent.uCommunity\Umbraco_Client\Datepicker\Aqua\
	  New Dir          0	C:\development\uCommunity\Compent.uCommunity\Compent.uCommunity\Umbraco_Client\Datepicker\Images\
	  New Dir          0	C:\development\uCommunity\Compent.uCommunity\Compent.uCommunity\Umbraco_Client\DateTimePicker\
	  New Dir          0	C:\development\uCommunity\Compent.uCommunity\Compent.uCommunity\Umbraco_Client\DateTimePicker\Images\
	  New Dir          0	C:\development\uCommunity\Compent.uCommunity\Compent.uCommunity\Umbraco_Client\Dialogs\
	  New Dir          0	C:\development\uCommunity\Compent.uCommunity\Compent.uCommunity\Umbraco_Client\Editors\
	  New Dir          0	C:\development\uCommunity\Compent.uCommunity\Compent.uCommunity\Umbraco_Client\FileUploader\
	  New Dir          0	C:\development\uCommunity\Compent.uCommunity\Compent.uCommunity\Umbraco_Client\FileUploader\Js\
	  New Dir          0	C:\development\uCommunity\Compent.uCommunity\Compent.uCommunity\Umbraco_Client\FolderBrowser\
	  New Dir          0	C:\development\uCommunity\Compent.uCommunity\Compent.uCommunity\Umbraco_Client\FolderBrowser\Css\
	  New Dir          0	C:\development\uCommunity\Compent.uCommunity\Compent.uCommunity\Umbraco_Client\FolderBrowser\Js\
	  New Dir          0	C:\development\uCommunity\Compent.uCommunity\Compent.uCommunity\Umbraco_Client\IconPicker\
	  New Dir          0	C:\development\uCommunity\Compent.uCommunity\Compent.uCommunity\Umbraco_Client\Imagecropper\
	  New Dir          0	C:\development\uCommunity\Compent.uCommunity\Compent.uCommunity\Umbraco_Client\Images\
	  New Dir          0	C:\development\uCommunity\Compent.uCommunity\Compent.uCommunity\Umbraco_Client\Installer\
	  New Dir          0	C:\development\uCommunity\Compent.uCommunity\Compent.uCommunity\Umbraco_Client\Installer\Css\
	  New Dir          0	C:\development\uCommunity\Compent.uCommunity\Compent.uCommunity\Umbraco_Client\Installer\Images\
	  New Dir          0	C:\development\uCommunity\Compent.uCommunity\Compent.uCommunity\Umbraco_Client\Installer\Js\
	  New Dir          0	C:\development\uCommunity\Compent.uCommunity\Compent.uCommunity\Umbraco_Client\Jeditable\
	  New Dir          0	C:\development\uCommunity\Compent.uCommunity\Compent.uCommunity\Umbraco_Client\MacroContainer\
	  New Dir          0	C:\development\uCommunity\Compent.uCommunity\Compent.uCommunity\Umbraco_Client\MaskedInput\
	  New Dir          0	C:\development\uCommunity\Compent.uCommunity\Compent.uCommunity\Umbraco_Client\Menuicon\
	  New Dir          0	C:\development\uCommunity\Compent.uCommunity\Compent.uCommunity\Umbraco_Client\Menuicon\Images\
	  New Dir          0	C:\development\uCommunity\Compent.uCommunity\Compent.uCommunity\Umbraco_Client\Modal\
	  New Dir          0	C:\development\uCommunity\Compent.uCommunity\Compent.uCommunity\Umbraco_Client\Mousewheel\
	  New Dir          0	C:\development\uCommunity\Compent.uCommunity\Compent.uCommunity\Umbraco_Client\Panel\
	  New Dir          0	C:\development\uCommunity\Compent.uCommunity\Compent.uCommunity\Umbraco_Client\Panel\Images\
	  New Dir          0	C:\development\uCommunity\Compent.uCommunity\Compent.uCommunity\Umbraco_Client\Preview\
	  New Dir          0	C:\development\uCommunity\Compent.uCommunity\Compent.uCommunity\Umbraco_Client\ProgressBar\
	  New Dir          0	C:\development\uCommunity\Compent.uCommunity\Compent.uCommunity\Umbraco_Client\ProgressBar\Images\
	  New Dir          0	C:\development\uCommunity\Compent.uCommunity\Compent.uCommunity\Umbraco_Client\Propertypane\
	  New Dir          0	C:\development\uCommunity\Compent.uCommunity\Compent.uCommunity\Umbraco_Client\Propertypane\Images\
	  New Dir          0	C:\development\uCommunity\Compent.uCommunity\Compent.uCommunity\Umbraco_Client\PunyCode\
	  New Dir          0	C:\development\uCommunity\Compent.uCommunity\Compent.uCommunity\Umbraco_Client\Scrollingmenu\
	  New Dir          0	C:\development\uCommunity\Compent.uCommunity\Compent.uCommunity\Umbraco_Client\Scrollingmenu\Images\
	  New Dir          0	C:\development\uCommunity\Compent.uCommunity\Compent.uCommunity\Umbraco_Client\Scrollingmenu\Images\Button\
	  New Dir          0	C:\development\uCommunity\Compent.uCommunity\Compent.uCommunity\Umbraco_Client\SimpleEditor\
	  New Dir          0	C:\development\uCommunity\Compent.uCommunity\Compent.uCommunity\Umbraco_Client\SimpleEditor\Images\
	  New Dir          0	C:\development\uCommunity\Compent.uCommunity\Compent.uCommunity\Umbraco_Client\Splitbutton\
	  New Dir          0	C:\development\uCommunity\Compent.uCommunity\Compent.uCommunity\Umbraco_Client\Splitbutton\Images\
	  New Dir          0	C:\development\uCommunity\Compent.uCommunity\Compent.uCommunity\Umbraco_Client\Tablesorting\
	  New Dir          0	C:\development\uCommunity\Compent.uCommunity\Compent.uCommunity\Umbraco_Client\Tablesorting\img\
	  New Dir          0	C:\development\uCommunity\Compent.uCommunity\Compent.uCommunity\Umbraco_Client\Tabview\
	  New Dir          0	C:\development\uCommunity\Compent.uCommunity\Compent.uCommunity\Umbraco_Client\Tabview\Images\
	  New Dir          0	C:\development\uCommunity\Compent.uCommunity\Compent.uCommunity\Umbraco_Client\Tags\
	  New Dir          0	C:\development\uCommunity\Compent.uCommunity\Compent.uCommunity\Umbraco_Client\Tags\Css\
	  New Dir          0	C:\development\uCommunity\Compent.uCommunity\Compent.uCommunity\Umbraco_Client\Tags\Js\
	  New Dir          0	C:\development\uCommunity\Compent.uCommunity\Compent.uCommunity\Umbraco_Client\Tinymce3\
	  New Dir          0	C:\development\uCommunity\Compent.uCommunity\Compent.uCommunity\Umbraco_Client\Tinymce3\Langs\
	  New Dir          0	C:\development\uCommunity\Compent.uCommunity\Compent.uCommunity\Umbraco_Client\Tinymce3\Plugins\
	  New Dir          0	C:\development\uCommunity\Compent.uCommunity\Compent.uCommunity\Umbraco_Client\Tinymce3\Plugins\Advhr\
	  New Dir          0	C:\development\uCommunity\Compent.uCommunity\Compent.uCommunity\Umbraco_Client\Tinymce3\Plugins\Advhr\Css\
	  New Dir          0	C:\development\uCommunity\Compent.uCommunity\Compent.uCommunity\Umbraco_Client\Tinymce3\Plugins\Advhr\Js\
	  New Dir          0	C:\development\uCommunity\Compent.uCommunity\Compent.uCommunity\Umbraco_Client\Tinymce3\Plugins\Advhr\Langs\
	  New Dir          0	C:\development\uCommunity\Compent.uCommunity\Compent.uCommunity\Umbraco_Client\Tinymce3\Plugins\Advimage\
	  New Dir          0	C:\development\uCommunity\Compent.uCommunity\Compent.uCommunity\Umbraco_Client\Tinymce3\Plugins\Advimage\Css\
	  New Dir          0	C:\development\uCommunity\Compent.uCommunity\Compent.uCommunity\Umbraco_Client\Tinymce3\Plugins\Advimage\Img\
	  New Dir          0	C:\development\uCommunity\Compent.uCommunity\Compent.uCommunity\Umbraco_Client\Tinymce3\Plugins\Advimage\Js\
	  New Dir          0	C:\development\uCommunity\Compent.uCommunity\Compent.uCommunity\Umbraco_Client\Tinymce3\Plugins\Advimage\Langs\
	  New Dir          0	C:\development\uCommunity\Compent.uCommunity\Compent.uCommunity\Umbraco_Client\Tinymce3\Plugins\Advlink\
	  New Dir          0	C:\development\uCommunity\Compent.uCommunity\Compent.uCommunity\Umbraco_Client\Tinymce3\Plugins\Advlink\Css\
	  New Dir          0	C:\development\uCommunity\Compent.uCommunity\Compent.uCommunity\Umbraco_Client\Tinymce3\Plugins\Advlink\Js\
	  New Dir          0	C:\development\uCommunity\Compent.uCommunity\Compent.uCommunity\Umbraco_Client\Tinymce3\Plugins\Advlink\Langs\
	  New Dir          0	C:\development\uCommunity\Compent.uCommunity\Compent.uCommunity\Umbraco_Client\Tinymce3\Plugins\Advlist\
	  New Dir          0	C:\development\uCommunity\Compent.uCommunity\Compent.uCommunity\Umbraco_Client\Tinymce3\Plugins\Autolink\
	  New Dir          0	C:\development\uCommunity\Compent.uCommunity\Compent.uCommunity\Umbraco_Client\Tinymce3\Plugins\Autoresize\
	  New Dir          0	C:\development\uCommunity\Compent.uCommunity\Compent.uCommunity\Umbraco_Client\Tinymce3\Plugins\Autosave\
	  New Dir          0	C:\development\uCommunity\Compent.uCommunity\Compent.uCommunity\Umbraco_Client\Tinymce3\Plugins\Autosave\Langs\
	  New Dir          0	C:\development\uCommunity\Compent.uCommunity\Compent.uCommunity\Umbraco_Client\Tinymce3\Plugins\Bbcode\
	  New Dir          0	C:\development\uCommunity\Compent.uCommunity\Compent.uCommunity\Umbraco_Client\Tinymce3\Plugins\Contextmenu\
	  New Dir          0	C:\development\uCommunity\Compent.uCommunity\Compent.uCommunity\Umbraco_Client\Tinymce3\Plugins\Directionality\
	  New Dir          0	C:\development\uCommunity\Compent.uCommunity\Compent.uCommunity\Umbraco_Client\Tinymce3\Plugins\Emotions\
	  New Dir          0	C:\development\uCommunity\Compent.uCommunity\Compent.uCommunity\Umbraco_Client\Tinymce3\Plugins\Emotions\Img\
	  New Dir          0	C:\development\uCommunity\Compent.uCommunity\Compent.uCommunity\Umbraco_Client\Tinymce3\Plugins\Emotions\Js\
	  New Dir          0	C:\development\uCommunity\Compent.uCommunity\Compent.uCommunity\Umbraco_Client\Tinymce3\Plugins\Emotions\Langs\
	  New Dir          0	C:\development\uCommunity\Compent.uCommunity\Compent.uCommunity\Umbraco_Client\Tinymce3\Plugins\Example\
	  New Dir          0	C:\development\uCommunity\Compent.uCommunity\Compent.uCommunity\Umbraco_Client\Tinymce3\Plugins\Example\Img\
	  New Dir          0	C:\development\uCommunity\Compent.uCommunity\Compent.uCommunity\Umbraco_Client\Tinymce3\Plugins\Example\Js\
	  New Dir          0	C:\development\uCommunity\Compent.uCommunity\Compent.uCommunity\Umbraco_Client\Tinymce3\Plugins\Example\Langs\
	  New Dir          0	C:\development\uCommunity\Compent.uCommunity\Compent.uCommunity\Umbraco_Client\Tinymce3\Plugins\example_dependency\
	  New Dir          0	C:\development\uCommunity\Compent.uCommunity\Compent.uCommunity\Umbraco_Client\Tinymce3\Plugins\Fullpage\
	  New Dir          0	C:\development\uCommunity\Compent.uCommunity\Compent.uCommunity\Umbraco_Client\Tinymce3\Plugins\Fullpage\Css\
	  New Dir          0	C:\development\uCommunity\Compent.uCommunity\Compent.uCommunity\Umbraco_Client\Tinymce3\Plugins\Fullpage\Js\
	  New Dir          0	C:\development\uCommunity\Compent.uCommunity\Compent.uCommunity\Umbraco_Client\Tinymce3\Plugins\Fullpage\Langs\
	  New Dir          0	C:\development\uCommunity\Compent.uCommunity\Compent.uCommunity\Umbraco_Client\Tinymce3\Plugins\Fullscreen\
	  New Dir          0	C:\development\uCommunity\Compent.uCommunity\Compent.uCommunity\Umbraco_Client\Tinymce3\Plugins\Iespell\
	  New Dir          0	C:\development\uCommunity\Compent.uCommunity\Compent.uCommunity\Umbraco_Client\Tinymce3\Plugins\Inlinepopups\
	  New Dir          0	C:\development\uCommunity\Compent.uCommunity\Compent.uCommunity\Umbraco_Client\Tinymce3\Plugins\Inlinepopups\Skins\
	  New Dir          0	C:\development\uCommunity\Compent.uCommunity\Compent.uCommunity\Umbraco_Client\Tinymce3\Plugins\Inlinepopups\Skins\Clearlooks2\
	  New Dir          0	C:\development\uCommunity\Compent.uCommunity\Compent.uCommunity\Umbraco_Client\Tinymce3\Plugins\Inlinepopups\Skins\Clearlooks2\Img\
	  New Dir          0	C:\development\uCommunity\Compent.uCommunity\Compent.uCommunity\Umbraco_Client\Tinymce3\Plugins\Inlinepopups\Skins\Umbraco\
	  New Dir          0	C:\development\uCommunity\Compent.uCommunity\Compent.uCommunity\Umbraco_Client\Tinymce3\Plugins\Inlinepopups\Skins\Umbraco\Img\
	  New Dir          0	C:\development\uCommunity\Compent.uCommunity\Compent.uCommunity\Umbraco_Client\Tinymce3\Plugins\Insertdatetime\
	  New Dir          0	C:\development\uCommunity\Compent.uCommunity\Compent.uCommunity\Umbraco_Client\Tinymce3\Plugins\Layer\
	  New Dir          0	C:\development\uCommunity\Compent.uCommunity\Compent.uCommunity\Umbraco_Client\Tinymce3\Plugins\Legacyoutput\
	  New Dir          0	C:\development\uCommunity\Compent.uCommunity\Compent.uCommunity\Umbraco_Client\Tinymce3\Plugins\Lists\
	  New Dir          0	C:\development\uCommunity\Compent.uCommunity\Compent.uCommunity\Umbraco_Client\Tinymce3\Plugins\Media\
	  New Dir          0	C:\development\uCommunity\Compent.uCommunity\Compent.uCommunity\Umbraco_Client\Tinymce3\Plugins\Media\Css\
	  New Dir          0	C:\development\uCommunity\Compent.uCommunity\Compent.uCommunity\Umbraco_Client\Tinymce3\Plugins\Media\Js\
	  New Dir          0	C:\development\uCommunity\Compent.uCommunity\Compent.uCommunity\Umbraco_Client\Tinymce3\Plugins\Media\Langs\
	  New Dir          0	C:\development\uCommunity\Compent.uCommunity\Compent.uCommunity\Umbraco_Client\Tinymce3\Plugins\Nonbreaking\
	  New Dir          0	C:\development\uCommunity\Compent.uCommunity\Compent.uCommunity\Umbraco_Client\Tinymce3\Plugins\Noneditable\
	  New Dir          0	C:\development\uCommunity\Compent.uCommunity\Compent.uCommunity\Umbraco_Client\Tinymce3\Plugins\Pagebreak\
	  New Dir          0	C:\development\uCommunity\Compent.uCommunity\Compent.uCommunity\Umbraco_Client\Tinymce3\Plugins\Paste\
	  New Dir          0	C:\development\uCommunity\Compent.uCommunity\Compent.uCommunity\Umbraco_Client\Tinymce3\Plugins\Paste\Js\
	  New Dir          0	C:\development\uCommunity\Compent.uCommunity\Compent.uCommunity\Umbraco_Client\Tinymce3\Plugins\Paste\Langs\
	  New Dir          0	C:\development\uCommunity\Compent.uCommunity\Compent.uCommunity\Umbraco_Client\Tinymce3\Plugins\Preview\
	  New Dir          0	C:\development\uCommunity\Compent.uCommunity\Compent.uCommunity\Umbraco_Client\Tinymce3\Plugins\Preview\Jscripts\
	  New Dir          0	C:\development\uCommunity\Compent.uCommunity\Compent.uCommunity\Umbraco_Client\Tinymce3\Plugins\Print\
	  New Dir          0	C:\development\uCommunity\Compent.uCommunity\Compent.uCommunity\Umbraco_Client\Tinymce3\Plugins\Save\
	  New Dir          0	C:\development\uCommunity\Compent.uCommunity\Compent.uCommunity\Umbraco_Client\Tinymce3\Plugins\Searchreplace\
	  New Dir          0	C:\development\uCommunity\Compent.uCommunity\Compent.uCommunity\Umbraco_Client\Tinymce3\Plugins\Searchreplace\Css\
	  New Dir          0	C:\development\uCommunity\Compent.uCommunity\Compent.uCommunity\Umbraco_Client\Tinymce3\Plugins\Searchreplace\Js\
	  New Dir          0	C:\development\uCommunity\Compent.uCommunity\Compent.uCommunity\Umbraco_Client\Tinymce3\Plugins\Searchreplace\Langs\
	  New Dir          0	C:\development\uCommunity\Compent.uCommunity\Compent.uCommunity\Umbraco_Client\Tinymce3\Plugins\Spellchecker\
	  New Dir          0	C:\development\uCommunity\Compent.uCommunity\Compent.uCommunity\Umbraco_Client\Tinymce3\Plugins\Spellchecker\Css\
	  New Dir          0	C:\development\uCommunity\Compent.uCommunity\Compent.uCommunity\Umbraco_Client\Tinymce3\Plugins\Spellchecker\Img\
	  New Dir          0	C:\development\uCommunity\Compent.uCommunity\Compent.uCommunity\Umbraco_Client\Tinymce3\Plugins\Style\
	  New Dir          0	C:\development\uCommunity\Compent.uCommunity\Compent.uCommunity\Umbraco_Client\Tinymce3\Plugins\Style\Css\
	  New Dir          0	C:\development\uCommunity\Compent.uCommunity\Compent.uCommunity\Umbraco_Client\Tinymce3\Plugins\Style\Js\
	  New Dir          0	C:\development\uCommunity\Compent.uCommunity\Compent.uCommunity\Umbraco_Client\Tinymce3\Plugins\Style\Langs\
	  New Dir          0	C:\development\uCommunity\Compent.uCommunity\Compent.uCommunity\Umbraco_Client\Tinymce3\Plugins\Tabfocus\
	  New Dir          0	C:\development\uCommunity\Compent.uCommunity\Compent.uCommunity\Umbraco_Client\Tinymce3\Plugins\Table\
	  New Dir          0	C:\development\uCommunity\Compent.uCommunity\Compent.uCommunity\Umbraco_Client\Tinymce3\Plugins\Table\Css\
	  New Dir          0	C:\development\uCommunity\Compent.uCommunity\Compent.uCommunity\Umbraco_Client\Tinymce3\Plugins\Table\Js\
	  New Dir          0	C:\development\uCommunity\Compent.uCommunity\Compent.uCommunity\Umbraco_Client\Tinymce3\Plugins\Table\Langs\
	  New Dir          0	C:\development\uCommunity\Compent.uCommunity\Compent.uCommunity\Umbraco_Client\Tinymce3\Plugins\Template\
	  New Dir          0	C:\development\uCommunity\Compent.uCommunity\Compent.uCommunity\Umbraco_Client\Tinymce3\Plugins\Template\Css\
	  New Dir          0	C:\development\uCommunity\Compent.uCommunity\Compent.uCommunity\Umbraco_Client\Tinymce3\Plugins\Template\Js\
	  New Dir          0	C:\development\uCommunity\Compent.uCommunity\Compent.uCommunity\Umbraco_Client\Tinymce3\Plugins\Template\Langs\
	  New Dir          0	C:\development\uCommunity\Compent.uCommunity\Compent.uCommunity\Umbraco_Client\Tinymce3\Plugins\Umbracocontextmenu\
	  New Dir          0	C:\development\uCommunity\Compent.uCommunity\Compent.uCommunity\Umbraco_Client\Tinymce3\Plugins\Umbracocss\
	  New Dir          0	C:\development\uCommunity\Compent.uCommunity\Compent.uCommunity\Umbraco_Client\Tinymce3\Plugins\Umbracocss\Img\
	  New Dir          0	C:\development\uCommunity\Compent.uCommunity\Compent.uCommunity\Umbraco_Client\Tinymce3\Plugins\Umbracocss\Js\
	  New Dir          0	C:\development\uCommunity\Compent.uCommunity\Compent.uCommunity\Umbraco_Client\Tinymce3\Plugins\Umbracocss\Langs\
	  New Dir          0	C:\development\uCommunity\Compent.uCommunity\Compent.uCommunity\Umbraco_Client\Tinymce3\Plugins\Umbracoembed\
	  New Dir          0	C:\development\uCommunity\Compent.uCommunity\Compent.uCommunity\Umbraco_Client\Tinymce3\Plugins\Umbracoembed\Img\
	  New Dir          0	C:\development\uCommunity\Compent.uCommunity\Compent.uCommunity\Umbraco_Client\Tinymce3\Plugins\Umbracoembed\Js\
	  New Dir          0	C:\development\uCommunity\Compent.uCommunity\Compent.uCommunity\Umbraco_Client\Tinymce3\Plugins\Umbracoembed\Langs\
	  New Dir          0	C:\development\uCommunity\Compent.uCommunity\Compent.uCommunity\Umbraco_Client\Tinymce3\Plugins\Umbracoimg\
	  New Dir          0	C:\development\uCommunity\Compent.uCommunity\Compent.uCommunity\Umbraco_Client\Tinymce3\Plugins\Umbracoimg\Js\
	  New Dir          0	C:\development\uCommunity\Compent.uCommunity\Compent.uCommunity\Umbraco_Client\Tinymce3\Plugins\Umbracoimg\Langs\
	  New Dir          0	C:\development\uCommunity\Compent.uCommunity\Compent.uCommunity\Umbraco_Client\Tinymce3\Plugins\Umbracolink\
	  New Dir          0	C:\development\uCommunity\Compent.uCommunity\Compent.uCommunity\Umbraco_Client\Tinymce3\Plugins\Umbracolink\Js\
	  New Dir          0	C:\development\uCommunity\Compent.uCommunity\Compent.uCommunity\Umbraco_Client\Tinymce3\Plugins\Umbracolink\Langs\
	  New Dir          0	C:\development\uCommunity\Compent.uCommunity\Compent.uCommunity\Umbraco_Client\Tinymce3\Plugins\Umbracomacro\
	  New Dir          0	C:\development\uCommunity\Compent.uCommunity\Compent.uCommunity\Umbraco_Client\Tinymce3\Plugins\Umbracomacro\Img\
	  New Dir          0	C:\development\uCommunity\Compent.uCommunity\Compent.uCommunity\Umbraco_Client\Tinymce3\Plugins\Umbracomacro\Js\
	  New Dir          0	C:\development\uCommunity\Compent.uCommunity\Compent.uCommunity\Umbraco_Client\Tinymce3\Plugins\Umbracomacro\Langs\
	  New Dir          0	C:\development\uCommunity\Compent.uCommunity\Compent.uCommunity\Umbraco_Client\Tinymce3\Plugins\Umbracopaste\
	  New Dir          0	C:\development\uCommunity\Compent.uCommunity\Compent.uCommunity\Umbraco_Client\Tinymce3\Plugins\Umbracoshortcut\
	  New Dir          0	C:\development\uCommunity\Compent.uCommunity\Compent.uCommunity\Umbraco_Client\Tinymce3\Plugins\Visualblocks\
	  New Dir          0	C:\development\uCommunity\Compent.uCommunity\Compent.uCommunity\Umbraco_Client\Tinymce3\Plugins\Visualblocks\Css\
	  New Dir          0	C:\development\uCommunity\Compent.uCommunity\Compent.uCommunity\Umbraco_Client\Tinymce3\Plugins\Visualchars\
	  New Dir          0	C:\development\uCommunity\Compent.uCommunity\Compent.uCommunity\Umbraco_Client\Tinymce3\Plugins\Wordcount\
	  New Dir          0	C:\development\uCommunity\Compent.uCommunity\Compent.uCommunity\Umbraco_Client\Tinymce3\Plugins\Xhtmlxtras\
	  New Dir          0	C:\development\uCommunity\Compent.uCommunity\Compent.uCommunity\Umbraco_Client\Tinymce3\Plugins\Xhtmlxtras\Css\
	  New Dir          0	C:\development\uCommunity\Compent.uCommunity\Compent.uCommunity\Umbraco_Client\Tinymce3\Plugins\Xhtmlxtras\Js\
	  New Dir          0	C:\development\uCommunity\Compent.uCommunity\Compent.uCommunity\Umbraco_Client\Tinymce3\Plugins\Xhtmlxtras\Langs\
	  New Dir          0	C:\development\uCommunity\Compent.uCommunity\Compent.uCommunity\Umbraco_Client\Tinymce3\Themes\
	  New Dir          0	C:\development\uCommunity\Compent.uCommunity\Compent.uCommunity\Umbraco_Client\Tinymce3\Themes\Advanced\
	  New Dir          0	C:\development\uCommunity\Compent.uCommunity\Compent.uCommunity\Umbraco_Client\Tinymce3\Themes\Advanced\Img\
	  New Dir          0	C:\development\uCommunity\Compent.uCommunity\Compent.uCommunity\Umbraco_Client\Tinymce3\Themes\Advanced\Js\
	  New Dir          0	C:\development\uCommunity\Compent.uCommunity\Compent.uCommunity\Umbraco_Client\Tinymce3\Themes\Advanced\Langs\
	  New Dir          0	C:\development\uCommunity\Compent.uCommunity\Compent.uCommunity\Umbraco_Client\Tinymce3\Themes\Advanced\Skins\
	  New Dir          0	C:\development\uCommunity\Compent.uCommunity\Compent.uCommunity\Umbraco_Client\Tinymce3\Themes\Advanced\Skins\Default\
	  New Dir          0	C:\development\uCommunity\Compent.uCommunity\Compent.uCommunity\Umbraco_Client\Tinymce3\Themes\Advanced\Skins\Default\Img\
	  New Dir          0	C:\development\uCommunity\Compent.uCommunity\Compent.uCommunity\Umbraco_Client\Tinymce3\Themes\Advanced\Skins\Highcontrast\
	  New Dir          0	C:\development\uCommunity\Compent.uCommunity\Compent.uCommunity\Umbraco_Client\Tinymce3\Themes\Advanced\Skins\O2k7\
	  New Dir          0	C:\development\uCommunity\Compent.uCommunity\Compent.uCommunity\Umbraco_Client\Tinymce3\Themes\Advanced\Skins\O2k7\Img\
	  New Dir          0	C:\development\uCommunity\Compent.uCommunity\Compent.uCommunity\Umbraco_Client\Tinymce3\Themes\Simple\
	  New Dir          0	C:\development\uCommunity\Compent.uCommunity\Compent.uCommunity\Umbraco_Client\Tinymce3\Themes\Simple\Img\
	  New Dir          0	C:\development\uCommunity\Compent.uCommunity\Compent.uCommunity\Umbraco_Client\Tinymce3\Themes\Simple\Langs\
	  New Dir          0	C:\development\uCommunity\Compent.uCommunity\Compent.uCommunity\Umbraco_Client\Tinymce3\Themes\Simple\Skins\
	  New Dir          0	C:\development\uCommunity\Compent.uCommunity\Compent.uCommunity\Umbraco_Client\Tinymce3\Themes\Simple\Skins\Default\
	  New Dir          0	C:\development\uCommunity\Compent.uCommunity\Compent.uCommunity\Umbraco_Client\Tinymce3\Themes\Simple\Skins\O2k7\
	  New Dir          0	C:\development\uCommunity\Compent.uCommunity\Compent.uCommunity\Umbraco_Client\Tinymce3\Themes\Simple\Skins\O2k7\Img\
	  New Dir          0	C:\development\uCommunity\Compent.uCommunity\Compent.uCommunity\Umbraco_Client\Tinymce3\Themes\Umbraco\
	  New Dir          0	C:\development\uCommunity\Compent.uCommunity\Compent.uCommunity\Umbraco_Client\Tinymce3\Themes\Umbraco\Img\
	  New Dir          0	C:\development\uCommunity\Compent.uCommunity\Compent.uCommunity\Umbraco_Client\Tinymce3\Themes\Umbraco\Js\
	  New Dir          0	C:\development\uCommunity\Compent.uCommunity\Compent.uCommunity\Umbraco_Client\Tinymce3\Themes\Umbraco\Langs\
	  New Dir          0	C:\development\uCommunity\Compent.uCommunity\Compent.uCommunity\Umbraco_Client\Tinymce3\Themes\Umbraco\Skins\
	  New Dir          0	C:\development\uCommunity\Compent.uCommunity\Compent.uCommunity\Umbraco_Client\Tinymce3\Themes\Umbraco\Skins\Umbraco\
	  New Dir          0	C:\development\uCommunity\Compent.uCommunity\Compent.uCommunity\Umbraco_Client\Tinymce3\Themes\Umbraco\Skins\Umbraco\Img\
	  New Dir          0	C:\development\uCommunity\Compent.uCommunity\Compent.uCommunity\Umbraco_Client\Tinymce3\Utils\
	  New Dir          0	C:\development\uCommunity\Compent.uCommunity\Compent.uCommunity\Umbraco_Client\Tree\
	  New Dir          0	C:\development\uCommunity\Compent.uCommunity\Compent.uCommunity\Umbraco_Client\Tree\Themes\
	  New Dir          0	C:\development\uCommunity\Compent.uCommunity\Compent.uCommunity\Umbraco_Client\Tree\Themes\Default\
	  New Dir          0	C:\development\uCommunity\Compent.uCommunity\Compent.uCommunity\Umbraco_Client\Tree\Themes\Umbraco\
	  New Dir          0	C:\development\uCommunity\Compent.uCommunity\Compent.uCommunity\Umbraco_Client\Ui\
	  New Dir          0	C:\development\uCommunity\Compent.uCommunity\Compent.uCommunity\Umbraco_Client\Ui\ui-lightness\
	  New Dir          0	C:\development\uCommunity\Compent.uCommunity\Compent.uCommunity\Umbraco_Client\Ui\ui-lightness\images\

------------------------------------------------------------------------------

               Total    Copied   Skipped  Mismatch    FAILED    Extras
    Dirs :       204       203         1         0         0         0
   Files :         0         0         0         0         0         0
   Bytes :         0         0         0         0         0         0
   Times :   0:00:00   0:00:00                       0:00:00   0:00:00
   Ended : Friday, February 3, 2017 3:13:06 PM

