
-------------------------------------------------------------------------------
   ROBOCOPY     ::     Robust File Copy for Windows                              
-------------------------------------------------------------------------------

  Started : Friday, February 3, 2017 3:13:03 PM
   Source : C:\development\uCommunity\Compent.uCommunity\Compent.uCommunity\Umbraco\
     Dest : C:\development\uCommunity\Compent.uCommunity\Compent.uCommunity\App_Data\NuGetBackup\20170203-151302\Umbraco\

    Files : *.*
	    
  Options : *.* /S /E /DCOPY:DA /COPY:DAT /R:1000000 /W:30 

------------------------------------------------------------------------------

	                   0	C:\development\uCommunity\Compent.uCommunity\Compent.uCommunity\Umbraco\
	  New Dir          0	C:\development\uCommunity\Compent.uCommunity\Compent.uCommunity\Umbraco\Actions\
	  New Dir          0	C:\development\uCommunity\Compent.uCommunity\Compent.uCommunity\Umbraco\assets\
	  New Dir          0	C:\development\uCommunity\Compent.uCommunity\Compent.uCommunity\Umbraco\assets\css\
	  New Dir          0	C:\development\uCommunity\Compent.uCommunity\Compent.uCommunity\Umbraco\assets\fonts\
	  New Dir          0	C:\development\uCommunity\Compent.uCommunity\Compent.uCommunity\Umbraco\assets\fonts\helveticons\
	  New Dir          0	C:\development\uCommunity\Compent.uCommunity\Compent.uCommunity\Umbraco\assets\fonts\opensans\
	  New Dir          0	C:\development\uCommunity\Compent.uCommunity\Compent.uCommunity\Umbraco\assets\img\
	  New Dir          0	C:\development\uCommunity\Compent.uCommunity\Compent.uCommunity\Umbraco\assets\img\application\
	  New Dir          0	C:\development\uCommunity\Compent.uCommunity\Compent.uCommunity\Umbraco\assets\img\applicationIcons\
	  New Dir          0	C:\development\uCommunity\Compent.uCommunity\Compent.uCommunity\Umbraco\assets\img\forms\
	  New Dir          0	C:\development\uCommunity\Compent.uCommunity\Compent.uCommunity\Umbraco\assets\img\uploader\
	  New Dir          0	C:\development\uCommunity\Compent.uCommunity\Compent.uCommunity\Umbraco\assets\less\
	  New Dir          0	C:\development\uCommunity\Compent.uCommunity\Compent.uCommunity\Umbraco\Channels\
	  New Dir          0	C:\development\uCommunity\Compent.uCommunity\Compent.uCommunity\Umbraco\Config\
	  New Dir          0	C:\development\uCommunity\Compent.uCommunity\Compent.uCommunity\Umbraco\Config\Create\
	  New Dir          0	C:\development\uCommunity\Compent.uCommunity\Compent.uCommunity\Umbraco\Config\Lang\
	  New Dir          0	C:\development\uCommunity\Compent.uCommunity\Compent.uCommunity\Umbraco\Controls\
	  New Dir          0	C:\development\uCommunity\Compent.uCommunity\Compent.uCommunity\Umbraco\Controls\Images\
	  New Dir          0	C:\development\uCommunity\Compent.uCommunity\Compent.uCommunity\Umbraco\Controls\Tree\
	  New Dir          0	C:\development\uCommunity\Compent.uCommunity\Compent.uCommunity\Umbraco\Create\
	  New Dir          0	C:\development\uCommunity\Compent.uCommunity\Compent.uCommunity\Umbraco\Css\
	  New Dir          0	C:\development\uCommunity\Compent.uCommunity\Compent.uCommunity\Umbraco\Dashboard\
	  New Dir          0	C:\development\uCommunity\Compent.uCommunity\Compent.uCommunity\Umbraco\Developer\
	  New Dir          0	C:\development\uCommunity\Compent.uCommunity\Compent.uCommunity\Umbraco\Developer\Macros\
	  New Dir          0	C:\development\uCommunity\Compent.uCommunity\Compent.uCommunity\Umbraco\Developer\Packages\
	  New Dir          0	C:\development\uCommunity\Compent.uCommunity\Compent.uCommunity\Umbraco\Developer\Python\
	  New Dir          0	C:\development\uCommunity\Compent.uCommunity\Compent.uCommunity\Umbraco\Developer\RelationTypes\
	  New Dir          0	C:\development\uCommunity\Compent.uCommunity\Compent.uCommunity\Umbraco\Developer\RelationTypes\Images\
	  New Dir          0	C:\development\uCommunity\Compent.uCommunity\Compent.uCommunity\Umbraco\Developer\RelationTypes\TreeMenu\
	  New Dir          0	C:\development\uCommunity\Compent.uCommunity\Compent.uCommunity\Umbraco\Developer\Xslt\
	  New Dir          0	C:\development\uCommunity\Compent.uCommunity\Compent.uCommunity\Umbraco\Dialogs\
	  New Dir          0	C:\development\uCommunity\Compent.uCommunity\Compent.uCommunity\Umbraco\Images\
	  New Dir          0	C:\development\uCommunity\Compent.uCommunity\Compent.uCommunity\Umbraco\Images\Actions\
	  New Dir          0	C:\development\uCommunity\Compent.uCommunity\Compent.uCommunity\Umbraco\Images\Developer\
	  New Dir          0	C:\development\uCommunity\Compent.uCommunity\Compent.uCommunity\Umbraco\Images\Editor\
	  New Dir          0	C:\development\uCommunity\Compent.uCommunity\Compent.uCommunity\Umbraco\Images\PinnedIcons\
	  New Dir          0	C:\development\uCommunity\Compent.uCommunity\Compent.uCommunity\Umbraco\Images\SpeechBubble\
	  New Dir          0	C:\development\uCommunity\Compent.uCommunity\Compent.uCommunity\Umbraco\Images\Thumbnails\
	  New Dir          0	C:\development\uCommunity\Compent.uCommunity\Compent.uCommunity\Umbraco\Images\Tray\
	  New Dir          0	C:\development\uCommunity\Compent.uCommunity\Compent.uCommunity\Umbraco\Images\Umbraco\
	  New Dir          0	C:\development\uCommunity\Compent.uCommunity\Compent.uCommunity\Umbraco\Install\
	  New Dir          0	C:\development\uCommunity\Compent.uCommunity\Compent.uCommunity\Umbraco\Install\Legacy\
	  New Dir          0	C:\development\uCommunity\Compent.uCommunity\Compent.uCommunity\Umbraco\Install\Views\
	  New Dir          0	C:\development\uCommunity\Compent.uCommunity\Compent.uCommunity\Umbraco\Js\
	  New Dir          0	C:\development\uCommunity\Compent.uCommunity\Compent.uCommunity\Umbraco\lib\
	  New Dir          0	C:\development\uCommunity\Compent.uCommunity\Compent.uCommunity\Umbraco\lib\angular\
	  New Dir          0	C:\development\uCommunity\Compent.uCommunity\Compent.uCommunity\Umbraco\lib\angular\1.1.5\
	  New Dir          0	C:\development\uCommunity\Compent.uCommunity\Compent.uCommunity\Umbraco\lib\angular\1.1.5\i18n\
	  New Dir          0	C:\development\uCommunity\Compent.uCommunity\Compent.uCommunity\Umbraco\lib\angular-bootstrap\
	  New Dir          0	C:\development\uCommunity\Compent.uCommunity\Compent.uCommunity\Umbraco\lib\angular-dynamic-locale\
	  New Dir          0	C:\development\uCommunity\Compent.uCommunity\Compent.uCommunity\Umbraco\lib\angular-local-storage\
	  New Dir          0	C:\development\uCommunity\Compent.uCommunity\Compent.uCommunity\Umbraco\lib\bootstrap\
	  New Dir          0	C:\development\uCommunity\Compent.uCommunity\Compent.uCommunity\Umbraco\lib\bootstrap\css\
	  New Dir          0	C:\development\uCommunity\Compent.uCommunity\Compent.uCommunity\Umbraco\lib\bootstrap\img\
	  New Dir          0	C:\development\uCommunity\Compent.uCommunity\Compent.uCommunity\Umbraco\lib\bootstrap\js\
	  New Dir          0	C:\development\uCommunity\Compent.uCommunity\Compent.uCommunity\Umbraco\lib\bootstrap\less\
	  New Dir          0	C:\development\uCommunity\Compent.uCommunity\Compent.uCommunity\Umbraco\lib\bootstrap\less\tests\
	  New Dir          0	C:\development\uCommunity\Compent.uCommunity\Compent.uCommunity\Umbraco\lib\bootstrap-social\
	  New Dir          0	C:\development\uCommunity\Compent.uCommunity\Compent.uCommunity\Umbraco\lib\bootstrap-tabdrop\
	  New Dir          0	C:\development\uCommunity\Compent.uCommunity\Compent.uCommunity\Umbraco\lib\codemirror\
	  New Dir          0	C:\development\uCommunity\Compent.uCommunity\Compent.uCommunity\Umbraco\lib\codemirror\addon\
	  New Dir          0	C:\development\uCommunity\Compent.uCommunity\Compent.uCommunity\Umbraco\lib\codemirror\addon\dialog\
	  New Dir          0	C:\development\uCommunity\Compent.uCommunity\Compent.uCommunity\Umbraco\lib\codemirror\addon\edit\
	  New Dir          0	C:\development\uCommunity\Compent.uCommunity\Compent.uCommunity\Umbraco\lib\codemirror\addon\search\
	  New Dir          0	C:\development\uCommunity\Compent.uCommunity\Compent.uCommunity\Umbraco\lib\codemirror\addon\selection\
	  New Dir          0	C:\development\uCommunity\Compent.uCommunity\Compent.uCommunity\Umbraco\lib\codemirror\lib\
	  New Dir          0	C:\development\uCommunity\Compent.uCommunity\Compent.uCommunity\Umbraco\lib\codemirror\mode\
	  New Dir          0	C:\development\uCommunity\Compent.uCommunity\Compent.uCommunity\Umbraco\lib\codemirror\mode\css\
	  New Dir          0	C:\development\uCommunity\Compent.uCommunity\Compent.uCommunity\Umbraco\lib\codemirror\mode\htmlmixed\
	  New Dir          0	C:\development\uCommunity\Compent.uCommunity\Compent.uCommunity\Umbraco\lib\codemirror\mode\javascript\
	  New Dir          0	C:\development\uCommunity\Compent.uCommunity\Compent.uCommunity\Umbraco\lib\codemirror\mode\razor\
	  New Dir          0	C:\development\uCommunity\Compent.uCommunity\Compent.uCommunity\Umbraco\lib\codemirror\mode\xml\
	  New Dir          0	C:\development\uCommunity\Compent.uCommunity\Compent.uCommunity\Umbraco\lib\cssparser\
	  New Dir          0	C:\development\uCommunity\Compent.uCommunity\Compent.uCommunity\Umbraco\lib\datetimepicker\
	  New Dir          0	C:\development\uCommunity\Compent.uCommunity\Compent.uCommunity\Umbraco\lib\font-awesome\
	  New Dir          0	C:\development\uCommunity\Compent.uCommunity\Compent.uCommunity\Umbraco\lib\font-awesome\css\
	  New Dir          0	C:\development\uCommunity\Compent.uCommunity\Compent.uCommunity\Umbraco\lib\font-awesome\fonts\
	  New Dir          0	C:\development\uCommunity\Compent.uCommunity\Compent.uCommunity\Umbraco\lib\jquery\
	  New Dir          0	C:\development\uCommunity\Compent.uCommunity\Compent.uCommunity\Umbraco\lib\jquery-migrate\
	  New Dir          0	C:\development\uCommunity\Compent.uCommunity\Compent.uCommunity\Umbraco\lib\jquery-ui\
	  New Dir          0	C:\development\uCommunity\Compent.uCommunity\Compent.uCommunity\Umbraco\lib\jquery-ui-touch-punch\
	  New Dir          0	C:\development\uCommunity\Compent.uCommunity\Compent.uCommunity\Umbraco\lib\less\
	  New Dir          0	C:\development\uCommunity\Compent.uCommunity\Compent.uCommunity\Umbraco\lib\markdown\
	  New Dir          0	C:\development\uCommunity\Compent.uCommunity\Compent.uCommunity\Umbraco\lib\moment\
	  New Dir          0	C:\development\uCommunity\Compent.uCommunity\Compent.uCommunity\Umbraco\lib\ng-file-upload\
	  New Dir          0	C:\development\uCommunity\Compent.uCommunity\Compent.uCommunity\Umbraco\lib\rgrove-lazyload\
	  New Dir          0	C:\development\uCommunity\Compent.uCommunity\Compent.uCommunity\Umbraco\lib\slider\
	  New Dir          0	C:\development\uCommunity\Compent.uCommunity\Compent.uCommunity\Umbraco\lib\slider\js\
	  New Dir          0	C:\development\uCommunity\Compent.uCommunity\Compent.uCommunity\Umbraco\lib\spectrum\
	  New Dir          0	C:\development\uCommunity\Compent.uCommunity\Compent.uCommunity\Umbraco\lib\tinymce\
	  New Dir          0	C:\development\uCommunity\Compent.uCommunity\Compent.uCommunity\Umbraco\lib\tinymce\plugins\
	  New Dir          0	C:\development\uCommunity\Compent.uCommunity\Compent.uCommunity\Umbraco\lib\tinymce\plugins\advlist\
	  New Dir          0	C:\development\uCommunity\Compent.uCommunity\Compent.uCommunity\Umbraco\lib\tinymce\plugins\anchor\
	  New Dir          0	C:\development\uCommunity\Compent.uCommunity\Compent.uCommunity\Umbraco\lib\tinymce\plugins\autolink\
	  New Dir          0	C:\development\uCommunity\Compent.uCommunity\Compent.uCommunity\Umbraco\lib\tinymce\plugins\autoresize\
	  New Dir          0	C:\development\uCommunity\Compent.uCommunity\Compent.uCommunity\Umbraco\lib\tinymce\plugins\autosave\
	  New Dir          0	C:\development\uCommunity\Compent.uCommunity\Compent.uCommunity\Umbraco\lib\tinymce\plugins\bbcode\
	  New Dir          0	C:\development\uCommunity\Compent.uCommunity\Compent.uCommunity\Umbraco\lib\tinymce\plugins\charmap\
	  New Dir          0	C:\development\uCommunity\Compent.uCommunity\Compent.uCommunity\Umbraco\lib\tinymce\plugins\code\
	  New Dir          0	C:\development\uCommunity\Compent.uCommunity\Compent.uCommunity\Umbraco\lib\tinymce\plugins\codemirror\
	  New Dir          0	C:\development\uCommunity\Compent.uCommunity\Compent.uCommunity\Umbraco\lib\tinymce\plugins\codemirror\langs\
	  New Dir          0	C:\development\uCommunity\Compent.uCommunity\Compent.uCommunity\Umbraco\lib\tinymce\plugins\colorpicker\
	  New Dir          0	C:\development\uCommunity\Compent.uCommunity\Compent.uCommunity\Umbraco\lib\tinymce\plugins\contextmenu\
	  New Dir          0	C:\development\uCommunity\Compent.uCommunity\Compent.uCommunity\Umbraco\lib\tinymce\plugins\directionality\
	  New Dir          0	C:\development\uCommunity\Compent.uCommunity\Compent.uCommunity\Umbraco\lib\tinymce\plugins\emoticons\
	  New Dir          0	C:\development\uCommunity\Compent.uCommunity\Compent.uCommunity\Umbraco\lib\tinymce\plugins\emoticons\img\
	  New Dir          0	C:\development\uCommunity\Compent.uCommunity\Compent.uCommunity\Umbraco\lib\tinymce\plugins\fullpage\
	  New Dir          0	C:\development\uCommunity\Compent.uCommunity\Compent.uCommunity\Umbraco\lib\tinymce\plugins\fullscreen\
	  New Dir          0	C:\development\uCommunity\Compent.uCommunity\Compent.uCommunity\Umbraco\lib\tinymce\plugins\hr\
	  New Dir          0	C:\development\uCommunity\Compent.uCommunity\Compent.uCommunity\Umbraco\lib\tinymce\plugins\image\
	  New Dir          0	C:\development\uCommunity\Compent.uCommunity\Compent.uCommunity\Umbraco\lib\tinymce\plugins\importcss\
	  New Dir          0	C:\development\uCommunity\Compent.uCommunity\Compent.uCommunity\Umbraco\lib\tinymce\plugins\insertdatetime\
	  New Dir          0	C:\development\uCommunity\Compent.uCommunity\Compent.uCommunity\Umbraco\lib\tinymce\plugins\layer\
	  New Dir          0	C:\development\uCommunity\Compent.uCommunity\Compent.uCommunity\Umbraco\lib\tinymce\plugins\legacyoutput\
	  New Dir          0	C:\development\uCommunity\Compent.uCommunity\Compent.uCommunity\Umbraco\lib\tinymce\plugins\link\
	  New Dir          0	C:\development\uCommunity\Compent.uCommunity\Compent.uCommunity\Umbraco\lib\tinymce\plugins\lists\
	  New Dir          0	C:\development\uCommunity\Compent.uCommunity\Compent.uCommunity\Umbraco\lib\tinymce\plugins\media\
	  New Dir          0	C:\development\uCommunity\Compent.uCommunity\Compent.uCommunity\Umbraco\lib\tinymce\plugins\nonbreaking\
	  New Dir          0	C:\development\uCommunity\Compent.uCommunity\Compent.uCommunity\Umbraco\lib\tinymce\plugins\noneditable\
	  New Dir          0	C:\development\uCommunity\Compent.uCommunity\Compent.uCommunity\Umbraco\lib\tinymce\plugins\pagebreak\
	  New Dir          0	C:\development\uCommunity\Compent.uCommunity\Compent.uCommunity\Umbraco\lib\tinymce\plugins\paste\
	  New Dir          0	C:\development\uCommunity\Compent.uCommunity\Compent.uCommunity\Umbraco\lib\tinymce\plugins\preview\
	  New Dir          0	C:\development\uCommunity\Compent.uCommunity\Compent.uCommunity\Umbraco\lib\tinymce\plugins\print\
	  New Dir          0	C:\development\uCommunity\Compent.uCommunity\Compent.uCommunity\Umbraco\lib\tinymce\plugins\save\
	  New Dir          0	C:\development\uCommunity\Compent.uCommunity\Compent.uCommunity\Umbraco\lib\tinymce\plugins\searchreplace\
	  New Dir          0	C:\development\uCommunity\Compent.uCommunity\Compent.uCommunity\Umbraco\lib\tinymce\plugins\spellchecker\
	  New Dir          0	C:\development\uCommunity\Compent.uCommunity\Compent.uCommunity\Umbraco\lib\tinymce\plugins\tabfocus\
	  New Dir          0	C:\development\uCommunity\Compent.uCommunity\Compent.uCommunity\Umbraco\lib\tinymce\plugins\table\
	  New Dir          0	C:\development\uCommunity\Compent.uCommunity\Compent.uCommunity\Umbraco\lib\tinymce\plugins\template\
	  New Dir          0	C:\development\uCommunity\Compent.uCommunity\Compent.uCommunity\Umbraco\lib\tinymce\plugins\textcolor\
	  New Dir          0	C:\development\uCommunity\Compent.uCommunity\Compent.uCommunity\Umbraco\lib\tinymce\plugins\textpattern\
	  New Dir          0	C:\development\uCommunity\Compent.uCommunity\Compent.uCommunity\Umbraco\lib\tinymce\plugins\umbracocontextmenu\
	  New Dir          0	C:\development\uCommunity\Compent.uCommunity\Compent.uCommunity\Umbraco\lib\tinymce\plugins\umbracocss\
	  New Dir          0	C:\development\uCommunity\Compent.uCommunity\Compent.uCommunity\Umbraco\lib\tinymce\plugins\umbracocss\img\
	  New Dir          0	C:\development\uCommunity\Compent.uCommunity\Compent.uCommunity\Umbraco\lib\tinymce\plugins\umbracocss\js\
	  New Dir          0	C:\development\uCommunity\Compent.uCommunity\Compent.uCommunity\Umbraco\lib\tinymce\plugins\umbracocss\langs\
	  New Dir          0	C:\development\uCommunity\Compent.uCommunity\Compent.uCommunity\Umbraco\lib\tinymce\plugins\umbracoembed\
	  New Dir          0	C:\development\uCommunity\Compent.uCommunity\Compent.uCommunity\Umbraco\lib\tinymce\plugins\umbracoembed\img\
	  New Dir          0	C:\development\uCommunity\Compent.uCommunity\Compent.uCommunity\Umbraco\lib\tinymce\plugins\umbracoembed\js\
	  New Dir          0	C:\development\uCommunity\Compent.uCommunity\Compent.uCommunity\Umbraco\lib\tinymce\plugins\umbracoembed\langs\
	  New Dir          0	C:\development\uCommunity\Compent.uCommunity\Compent.uCommunity\Umbraco\lib\tinymce\plugins\umbracoimg\
	  New Dir          0	C:\development\uCommunity\Compent.uCommunity\Compent.uCommunity\Umbraco\lib\tinymce\plugins\umbracoimg\js\
	  New Dir          0	C:\development\uCommunity\Compent.uCommunity\Compent.uCommunity\Umbraco\lib\tinymce\plugins\umbracoimg\langs\
	  New Dir          0	C:\development\uCommunity\Compent.uCommunity\Compent.uCommunity\Umbraco\lib\tinymce\plugins\umbracolink\
	  New Dir          0	C:\development\uCommunity\Compent.uCommunity\Compent.uCommunity\Umbraco\lib\tinymce\plugins\umbracomacro\
	  New Dir          0	C:\development\uCommunity\Compent.uCommunity\Compent.uCommunity\Umbraco\lib\tinymce\plugins\umbracomacro\img\
	  New Dir          0	C:\development\uCommunity\Compent.uCommunity\Compent.uCommunity\Umbraco\lib\tinymce\plugins\umbracomacro\js\
	  New Dir          0	C:\development\uCommunity\Compent.uCommunity\Compent.uCommunity\Umbraco\lib\tinymce\plugins\umbracomacro\langs\
	  New Dir          0	C:\development\uCommunity\Compent.uCommunity\Compent.uCommunity\Umbraco\lib\tinymce\plugins\umbracopaste\
	  New Dir          0	C:\development\uCommunity\Compent.uCommunity\Compent.uCommunity\Umbraco\lib\tinymce\plugins\umbracoshortcut\
	  New Dir          0	C:\development\uCommunity\Compent.uCommunity\Compent.uCommunity\Umbraco\lib\tinymce\plugins\visualblocks\
	  New Dir          0	C:\development\uCommunity\Compent.uCommunity\Compent.uCommunity\Umbraco\lib\tinymce\plugins\visualblocks\css\
	  New Dir          0	C:\development\uCommunity\Compent.uCommunity\Compent.uCommunity\Umbraco\lib\tinymce\plugins\visualchars\
	  New Dir          0	C:\development\uCommunity\Compent.uCommunity\Compent.uCommunity\Umbraco\lib\tinymce\plugins\wordcount\
	  New Dir          0	C:\development\uCommunity\Compent.uCommunity\Compent.uCommunity\Umbraco\lib\tinymce\skins\
	  New Dir          0	C:\development\uCommunity\Compent.uCommunity\Compent.uCommunity\Umbraco\lib\tinymce\skins\umbraco\
	  New Dir          0	C:\development\uCommunity\Compent.uCommunity\Compent.uCommunity\Umbraco\lib\tinymce\skins\umbraco\fonts\
	  New Dir          0	C:\development\uCommunity\Compent.uCommunity\Compent.uCommunity\Umbraco\lib\tinymce\skins\umbraco\img\
	  New Dir          0	C:\development\uCommunity\Compent.uCommunity\Compent.uCommunity\Umbraco\lib\tinymce\themes\
	  New Dir          0	C:\development\uCommunity\Compent.uCommunity\Compent.uCommunity\Umbraco\lib\tinymce\themes\modern\
	  New Dir          0	C:\development\uCommunity\Compent.uCommunity\Compent.uCommunity\Umbraco\lib\tinymce\themes\umbraco\
	  New Dir          0	C:\development\uCommunity\Compent.uCommunity\Compent.uCommunity\Umbraco\lib\typeahead.js\
	  New Dir          0	C:\development\uCommunity\Compent.uCommunity\Compent.uCommunity\Umbraco\lib\umbraco\
	  New Dir          0	C:\development\uCommunity\Compent.uCommunity\Compent.uCommunity\Umbraco\lib\underscore\
	  New Dir          0	C:\development\uCommunity\Compent.uCommunity\Compent.uCommunity\Umbraco\Masterpages\
	  New Dir          0	C:\development\uCommunity\Compent.uCommunity\Compent.uCommunity\Umbraco\Members\
	  New Dir          0	C:\development\uCommunity\Compent.uCommunity\Compent.uCommunity\Umbraco\PartialViewMacros\
	  New Dir          0	C:\development\uCommunity\Compent.uCommunity\Compent.uCommunity\Umbraco\PartialViewMacros\Templates\
	  New Dir          0	C:\development\uCommunity\Compent.uCommunity\Compent.uCommunity\Umbraco\Plugins\
	  New Dir          0	C:\development\uCommunity\Compent.uCommunity\Compent.uCommunity\Umbraco\Plugins\Tinymce3\
	  New Dir          0	C:\development\uCommunity\Compent.uCommunity\Compent.uCommunity\Umbraco\preview\
	  New Dir          0	C:\development\uCommunity\Compent.uCommunity\Compent.uCommunity\Umbraco\preview\editors\
	  New Dir          0	C:\development\uCommunity\Compent.uCommunity\Compent.uCommunity\Umbraco\Scripting\
	  New Dir          0	C:\development\uCommunity\Compent.uCommunity\Compent.uCommunity\Umbraco\Scripting\templates\
	  New Dir          0	C:\development\uCommunity\Compent.uCommunity\Compent.uCommunity\Umbraco\Scripting\templates\cshtml\
	  New Dir          0	C:\development\uCommunity\Compent.uCommunity\Compent.uCommunity\Umbraco\Search\
	  New Dir          0	C:\development\uCommunity\Compent.uCommunity\Compent.uCommunity\Umbraco\Settings\
	  New Dir          0	C:\development\uCommunity\Compent.uCommunity\Compent.uCommunity\Umbraco\Settings\Modals\
	  New Dir          0	C:\development\uCommunity\Compent.uCommunity\Compent.uCommunity\Umbraco\Settings\Scripts\
	  New Dir          0	C:\development\uCommunity\Compent.uCommunity\Compent.uCommunity\Umbraco\Settings\Stylesheet\
	  New Dir          0	C:\development\uCommunity\Compent.uCommunity\Compent.uCommunity\Umbraco\Settings\Stylesheet\Property\
	  New Dir          0	C:\development\uCommunity\Compent.uCommunity\Compent.uCommunity\Umbraco\Settings\Views\
	  New Dir          0	C:\development\uCommunity\Compent.uCommunity\Compent.uCommunity\Umbraco\Translation\
	  New Dir          0	C:\development\uCommunity\Compent.uCommunity\Compent.uCommunity\Umbraco\Users\
	  New Dir          0	C:\development\uCommunity\Compent.uCommunity\Compent.uCommunity\Umbraco\Views\
	  New Dir          0	C:\development\uCommunity\Compent.uCommunity\Compent.uCommunity\Umbraco\Views\common\
	  New Dir          0	C:\development\uCommunity\Compent.uCommunity\Compent.uCommunity\Umbraco\Views\common\dialogs\
	  New Dir          0	C:\development\uCommunity\Compent.uCommunity\Compent.uCommunity\Umbraco\Views\common\dialogs\content\
	  New Dir          0	C:\development\uCommunity\Compent.uCommunity\Compent.uCommunity\Umbraco\Views\common\dialogs\template\
	  New Dir          0	C:\development\uCommunity\Compent.uCommunity\Compent.uCommunity\Umbraco\Views\common\notifications\
	  New Dir          0	C:\development\uCommunity\Compent.uCommunity\Compent.uCommunity\Umbraco\Views\common\overlays\
	  New Dir          0	C:\development\uCommunity\Compent.uCommunity\Compent.uCommunity\Umbraco\Views\common\overlays\contentpicker\
	  New Dir          0	C:\development\uCommunity\Compent.uCommunity\Compent.uCommunity\Umbraco\Views\common\overlays\contenttypeeditor\
	  New Dir          0	C:\development\uCommunity\Compent.uCommunity\Compent.uCommunity\Umbraco\Views\common\overlays\contenttypeeditor\compositions\
	  New Dir          0	C:\development\uCommunity\Compent.uCommunity\Compent.uCommunity\Umbraco\Views\common\overlays\contenttypeeditor\editorpicker\
	  New Dir          0	C:\development\uCommunity\Compent.uCommunity\Compent.uCommunity\Umbraco\Views\common\overlays\contenttypeeditor\editorsettings\
	  New Dir          0	C:\development\uCommunity\Compent.uCommunity\Compent.uCommunity\Umbraco\Views\common\overlays\contenttypeeditor\propertysettings\
	  New Dir          0	C:\development\uCommunity\Compent.uCommunity\Compent.uCommunity\Umbraco\Views\common\overlays\copy\
	  New Dir          0	C:\development\uCommunity\Compent.uCommunity\Compent.uCommunity\Umbraco\Views\common\overlays\embed\
	  New Dir          0	C:\development\uCommunity\Compent.uCommunity\Compent.uCommunity\Umbraco\Views\common\overlays\help\
	  New Dir          0	C:\development\uCommunity\Compent.uCommunity\Compent.uCommunity\Umbraco\Views\common\overlays\iconpicker\
	  New Dir          0	C:\development\uCommunity\Compent.uCommunity\Compent.uCommunity\Umbraco\Views\common\overlays\itempicker\
	  New Dir          0	C:\development\uCommunity\Compent.uCommunity\Compent.uCommunity\Umbraco\Views\common\overlays\linkpicker\
	  New Dir          0	C:\development\uCommunity\Compent.uCommunity\Compent.uCommunity\Umbraco\Views\common\overlays\macropicker\
	  New Dir          0	C:\development\uCommunity\Compent.uCommunity\Compent.uCommunity\Umbraco\Views\common\overlays\mediaPicker\
	  New Dir          0	C:\development\uCommunity\Compent.uCommunity\Compent.uCommunity\Umbraco\Views\common\overlays\mediatypepicker\
	  New Dir          0	C:\development\uCommunity\Compent.uCommunity\Compent.uCommunity\Umbraco\Views\common\overlays\membergrouppicker\
	  New Dir          0	C:\development\uCommunity\Compent.uCommunity\Compent.uCommunity\Umbraco\Views\common\overlays\memberpicker\
	  New Dir          0	C:\development\uCommunity\Compent.uCommunity\Compent.uCommunity\Umbraco\Views\common\overlays\move\
	  New Dir          0	C:\development\uCommunity\Compent.uCommunity\Compent.uCommunity\Umbraco\Views\common\overlays\treepicker\
	  New Dir          0	C:\development\uCommunity\Compent.uCommunity\Compent.uCommunity\Umbraco\Views\common\overlays\user\
	  New Dir          0	C:\development\uCommunity\Compent.uCommunity\Compent.uCommunity\Umbraco\Views\common\overlays\ysod\
	  New Dir          0	C:\development\uCommunity\Compent.uCommunity\Compent.uCommunity\Umbraco\Views\components\
	  New Dir          0	C:\development\uCommunity\Compent.uCommunity\Compent.uCommunity\Umbraco\Views\components\application\
	  New Dir          0	C:\development\uCommunity\Compent.uCommunity\Compent.uCommunity\Umbraco\Views\components\buttons\
	  New Dir          0	C:\development\uCommunity\Compent.uCommunity\Compent.uCommunity\Umbraco\Views\components\editor\
	  New Dir          0	C:\development\uCommunity\Compent.uCommunity\Compent.uCommunity\Umbraco\Views\components\editor\subheader\
	  New Dir          0	C:\development\uCommunity\Compent.uCommunity\Compent.uCommunity\Umbraco\Views\components\html\
	  New Dir          0	C:\development\uCommunity\Compent.uCommunity\Compent.uCommunity\Umbraco\Views\components\imaging\
	  New Dir          0	C:\development\uCommunity\Compent.uCommunity\Compent.uCommunity\Umbraco\Views\components\notifications\
	  New Dir          0	C:\development\uCommunity\Compent.uCommunity\Compent.uCommunity\Umbraco\Views\components\overlays\
	  New Dir          0	C:\development\uCommunity\Compent.uCommunity\Compent.uCommunity\Umbraco\Views\components\property\
	  New Dir          0	C:\development\uCommunity\Compent.uCommunity\Compent.uCommunity\Umbraco\Views\components\tabs\
	  New Dir          0	C:\development\uCommunity\Compent.uCommunity\Compent.uCommunity\Umbraco\Views\components\tree\
	  New Dir          0	C:\development\uCommunity\Compent.uCommunity\Compent.uCommunity\Umbraco\Views\components\upload\
	  New Dir          0	C:\development\uCommunity\Compent.uCommunity\Compent.uCommunity\Umbraco\Views\content\
	  New Dir          0	C:\development\uCommunity\Compent.uCommunity\Compent.uCommunity\Umbraco\Views\dashboard\
	  New Dir          0	C:\development\uCommunity\Compent.uCommunity\Compent.uCommunity\Umbraco\Views\dashboard\default\
	  New Dir          0	C:\development\uCommunity\Compent.uCommunity\Compent.uCommunity\Umbraco\Views\dashboard\developer\
	  New Dir          0	C:\development\uCommunity\Compent.uCommunity\Compent.uCommunity\Umbraco\Views\dashboard\forms\
	  New Dir          0	C:\development\uCommunity\Compent.uCommunity\Compent.uCommunity\Umbraco\Views\dashboard\media\
	  New Dir          0	C:\development\uCommunity\Compent.uCommunity\Compent.uCommunity\Umbraco\Views\dashboard\members\
	  New Dir          0	C:\development\uCommunity\Compent.uCommunity\Compent.uCommunity\Umbraco\Views\dashboard\settings\
	  New Dir          0	C:\development\uCommunity\Compent.uCommunity\Compent.uCommunity\Umbraco\Views\datatypes\
	  New Dir          0	C:\development\uCommunity\Compent.uCommunity\Compent.uCommunity\Umbraco\Views\directives\
	  New Dir          0	C:\development\uCommunity\Compent.uCommunity\Compent.uCommunity\Umbraco\Views\directives\_obsolete\
	  New Dir          0	C:\development\uCommunity\Compent.uCommunity\Compent.uCommunity\Umbraco\Views\documenttypes\
	  New Dir          0	C:\development\uCommunity\Compent.uCommunity\Compent.uCommunity\Umbraco\Views\documenttypes\views\
	  New Dir          0	C:\development\uCommunity\Compent.uCommunity\Compent.uCommunity\Umbraco\Views\documenttypes\views\design\
	  New Dir          0	C:\development\uCommunity\Compent.uCommunity\Compent.uCommunity\Umbraco\Views\documenttypes\views\listview\
	  New Dir          0	C:\development\uCommunity\Compent.uCommunity\Compent.uCommunity\Umbraco\Views\documenttypes\views\permissions\
	  New Dir          0	C:\development\uCommunity\Compent.uCommunity\Compent.uCommunity\Umbraco\Views\documenttypes\views\templates\
	  New Dir          0	C:\development\uCommunity\Compent.uCommunity\Compent.uCommunity\Umbraco\Views\install\
	  New Dir          0	C:\development\uCommunity\Compent.uCommunity\Compent.uCommunity\Umbraco\Views\media\
	  New Dir          0	C:\development\uCommunity\Compent.uCommunity\Compent.uCommunity\Umbraco\Views\mediatypes\
	  New Dir          0	C:\development\uCommunity\Compent.uCommunity\Compent.uCommunity\Umbraco\Views\mediatypes\views\
	  New Dir          0	C:\development\uCommunity\Compent.uCommunity\Compent.uCommunity\Umbraco\Views\mediatypes\views\design\
	  New Dir          0	C:\development\uCommunity\Compent.uCommunity\Compent.uCommunity\Umbraco\Views\mediatypes\views\listview\
	  New Dir          0	C:\development\uCommunity\Compent.uCommunity\Compent.uCommunity\Umbraco\Views\mediatypes\views\permissions\
	  New Dir          0	C:\development\uCommunity\Compent.uCommunity\Compent.uCommunity\Umbraco\Views\member\
	  New Dir          0	C:\development\uCommunity\Compent.uCommunity\Compent.uCommunity\Umbraco\Views\membertypes\
	  New Dir          0	C:\development\uCommunity\Compent.uCommunity\Compent.uCommunity\Umbraco\Views\membertypes\views\
	  New Dir          0	C:\development\uCommunity\Compent.uCommunity\Compent.uCommunity\Umbraco\Views\membertypes\views\design\
	  New Dir          0	C:\development\uCommunity\Compent.uCommunity\Compent.uCommunity\Umbraco\Views\packager\
	  New Dir          0	C:\development\uCommunity\Compent.uCommunity\Compent.uCommunity\Umbraco\Views\packager\views\
	  New Dir          0	C:\development\uCommunity\Compent.uCommunity\Compent.uCommunity\Umbraco\Views\prevalueeditors\
	  New Dir          0	C:\development\uCommunity\Compent.uCommunity\Compent.uCommunity\Umbraco\Views\propertyeditors\
	  New Dir          0	C:\development\uCommunity\Compent.uCommunity\Compent.uCommunity\Umbraco\Views\propertyeditors\boolean\
	  New Dir          0	C:\development\uCommunity\Compent.uCommunity\Compent.uCommunity\Umbraco\Views\propertyeditors\changepassword\
	  New Dir          0	C:\development\uCommunity\Compent.uCommunity\Compent.uCommunity\Umbraco\Views\propertyeditors\checkboxlist\
	  New Dir          0	C:\development\uCommunity\Compent.uCommunity\Compent.uCommunity\Umbraco\Views\propertyeditors\colorpicker\
	  New Dir          0	C:\development\uCommunity\Compent.uCommunity\Compent.uCommunity\Umbraco\Views\propertyeditors\contentpicker\
	  New Dir          0	C:\development\uCommunity\Compent.uCommunity\Compent.uCommunity\Umbraco\Views\propertyeditors\datepicker\
	  New Dir          0	C:\development\uCommunity\Compent.uCommunity\Compent.uCommunity\Umbraco\Views\propertyeditors\decimal\
	  New Dir          0	C:\development\uCommunity\Compent.uCommunity\Compent.uCommunity\Umbraco\Views\propertyeditors\dropdown\
	  New Dir          0	C:\development\uCommunity\Compent.uCommunity\Compent.uCommunity\Umbraco\Views\propertyeditors\email\
	  New Dir          0	C:\development\uCommunity\Compent.uCommunity\Compent.uCommunity\Umbraco\Views\propertyeditors\entitypicker\
	  New Dir          0	C:\development\uCommunity\Compent.uCommunity\Compent.uCommunity\Umbraco\Views\propertyeditors\fileupload\
	  New Dir          0	C:\development\uCommunity\Compent.uCommunity\Compent.uCommunity\Umbraco\Views\propertyeditors\folderbrowser\
	  New Dir          0	C:\development\uCommunity\Compent.uCommunity\Compent.uCommunity\Umbraco\Views\propertyeditors\googlemaps\
	  New Dir          0	C:\development\uCommunity\Compent.uCommunity\Compent.uCommunity\Umbraco\Views\propertyeditors\grid\
	  New Dir          0	C:\development\uCommunity\Compent.uCommunity\Compent.uCommunity\Umbraco\Views\propertyeditors\grid\config\
	  New Dir          0	C:\development\uCommunity\Compent.uCommunity\Compent.uCommunity\Umbraco\Views\propertyeditors\grid\dialogs\
	  New Dir          0	C:\development\uCommunity\Compent.uCommunity\Compent.uCommunity\Umbraco\Views\propertyeditors\grid\editors\
	  New Dir          0	C:\development\uCommunity\Compent.uCommunity\Compent.uCommunity\Umbraco\Views\propertyeditors\imagecropper\
	  New Dir          0	C:\development\uCommunity\Compent.uCommunity\Compent.uCommunity\Umbraco\Views\propertyeditors\integer\
	  New Dir          0	C:\development\uCommunity\Compent.uCommunity\Compent.uCommunity\Umbraco\Views\propertyeditors\listview\
	  New Dir          0	C:\development\uCommunity\Compent.uCommunity\Compent.uCommunity\Umbraco\Views\propertyeditors\listview\layouts\
	  New Dir          0	C:\development\uCommunity\Compent.uCommunity\Compent.uCommunity\Umbraco\Views\propertyeditors\listview\layouts\grid\
	  New Dir          0	C:\development\uCommunity\Compent.uCommunity\Compent.uCommunity\Umbraco\Views\propertyeditors\listview\layouts\list\
	  New Dir          0	C:\development\uCommunity\Compent.uCommunity\Compent.uCommunity\Umbraco\Views\propertyeditors\macrocontainer\
	  New Dir          0	C:\development\uCommunity\Compent.uCommunity\Compent.uCommunity\Umbraco\Views\propertyeditors\markdowneditor\
	  New Dir          0	C:\development\uCommunity\Compent.uCommunity\Compent.uCommunity\Umbraco\Views\propertyeditors\mediapicker\
	  New Dir          0	C:\development\uCommunity\Compent.uCommunity\Compent.uCommunity\Umbraco\Views\propertyeditors\membergrouppicker\
	  New Dir          0	C:\development\uCommunity\Compent.uCommunity\Compent.uCommunity\Umbraco\Views\propertyeditors\membergroups\
	  New Dir          0	C:\development\uCommunity\Compent.uCommunity\Compent.uCommunity\Umbraco\Views\propertyeditors\memberpicker\
	  New Dir          0	C:\development\uCommunity\Compent.uCommunity\Compent.uCommunity\Umbraco\Views\propertyeditors\multipletextbox\
	  New Dir          0	C:\development\uCommunity\Compent.uCommunity\Compent.uCommunity\Umbraco\Views\propertyeditors\radiobuttons\
	  New Dir          0	C:\development\uCommunity\Compent.uCommunity\Compent.uCommunity\Umbraco\Views\propertyeditors\readonlyvalue\
	  New Dir          0	C:\development\uCommunity\Compent.uCommunity\Compent.uCommunity\Umbraco\Views\propertyeditors\relatedlinks\
	  New Dir          0	C:\development\uCommunity\Compent.uCommunity\Compent.uCommunity\Umbraco\Views\propertyeditors\rte\
	  New Dir          0	C:\development\uCommunity\Compent.uCommunity\Compent.uCommunity\Umbraco\Views\propertyeditors\slider\
	  New Dir          0	C:\development\uCommunity\Compent.uCommunity\Compent.uCommunity\Umbraco\Views\propertyeditors\tags\
	  New Dir          0	C:\development\uCommunity\Compent.uCommunity\Compent.uCommunity\Umbraco\Views\propertyeditors\templatepicker\
	  New Dir          0	C:\development\uCommunity\Compent.uCommunity\Compent.uCommunity\Umbraco\Views\propertyeditors\test\
	  New Dir          0	C:\development\uCommunity\Compent.uCommunity\Compent.uCommunity\Umbraco\Views\propertyeditors\textarea\
	  New Dir          0	C:\development\uCommunity\Compent.uCommunity\Compent.uCommunity\Umbraco\Views\propertyeditors\textbox\
	  New Dir          0	C:\development\uCommunity\Compent.uCommunity\Compent.uCommunity\Umbraco\Views\propertyeditors\ultrasimple\
	  New Dir          0	C:\development\uCommunity\Compent.uCommunity\Compent.uCommunity\Umbraco\Views\propertyeditors\urllist\
	  New Dir          0	C:\development\uCommunity\Compent.uCommunity\Compent.uCommunity\Umbraco\Views\propertyeditors\validationtest\
	  New Dir          0	C:\development\uCommunity\Compent.uCommunity\Compent.uCommunity\Umbraco\Webservices\
	  New Dir          0	C:\development\uCommunity\Compent.uCommunity\Compent.uCommunity\Umbraco\Xslt\
	  New Dir          0	C:\development\uCommunity\Compent.uCommunity\Compent.uCommunity\Umbraco\Xslt\Templates\
	  New Dir          0	C:\development\uCommunity\Compent.uCommunity\Compent.uCommunity\Umbraco\Xslt\Templates\Schema2\

------------------------------------------------------------------------------

               Total    Copied   Skipped  Mismatch    FAILED    Extras
    Dirs :       305       304         1         0         0         0
   Files :         0         0         0         0         0         0
   Bytes :         0         0         0         0         0         0
   Times :   0:00:00   0:00:00                       0:00:00   0:00:00
   Ended : Friday, February 3, 2017 3:13:03 PM

